node 0 : A1 < A0 ? 1 : 2
node 1 : A2 < A0 ? 3 : 4
node 2 : A2 < A1 ? 5 : 6
node 3 : A2 < A1 ? 7 : 8
node 4 : A3 < A2 ? 9 : 10
node 5 : A2 < A0 ? 11 : 12
node 6 : A3 < A2 ? 13 : 14
node 7 : A3 < A0 ? 15 : 16
node 8 : A3 < A0 ? 17 : 18
node 9 : A3 < A0 ? 19 : 20
node 10 : A4 < A3 ? 21 : 22
node 11 : A3 < A1 ? 23 : 24
node 12 : A3 < A1 ? 25 : 26
node 13 : A3 < A1 ? 27 : 28
node 14 : A4 < A3 ? 29 : 30
node 15 : A3 < A1 ? 31 : 32
node 16 : A4 < A3 ? 33 : 34
node 17 : A3 < A2 ? 35 : 36
node 18 : A4 < A3 ? 37 : 38
node 19 : A3 < A1 ? 39 : 40
node 20 : A4 < A2 ? 41 : 42
node 21 : A4 < A2 ? 43 : 44
node 22 : 1 0 2 3 4
node 23 : A3 < A0 ? 47 : 48
node 24 : A4 < A3 ? 49 : 50
node 25 : A3 < A2 ? 51 : 52
node 26 : A4 < A3 ? 53 : 54
node 27 : A3 < A0 ? 55 : 56
node 28 : A4 < A2 ? 57 : 58
node 29 : A4 < A2 ? 59 : 60
node 30 : 0 1 2 3 4
node 31 : A3 < A2 ? 63 : 64
node 32 : A4 < A0 ? 65 : 66
node 33 : A4 < A0 ? 67 : 68
node 34 : 2 1 0 3 4
node 35 : A3 < A1 ? 71 : 72
node 36 : A4 < A0 ? 73 : 74
node 37 : A4 < A0 ? 75 : 76
node 38 : 1 2 0 3 4
node 39 : A4 < A2 ? 79 : 80
node 40 : A4 < A2 ? 81 : 82
node 41 : A4 < A3 ? 83 : 84
node 42 : 1 0 3 2 4
node 43 : A4 < A0 ? 87 : 88
node 44 : 1 0 2 4 3
node 47 : A3 < A2 ? 95 : 96
node 48 : A4 < A1 ? 97 : 98
node 49 : A4 < A1 ? 99 : 100
node 50 : 2 0 1 3 4
node 51 : A3 < A0 ? 103 : 104
node 52 : A4 < A1 ? 105 : 106
node 53 : A4 < A1 ? 107 : 108
node 54 : 0 2 1 3 4
node 55 : A4 < A2 ? 111 : 112
node 56 : A4 < A2 ? 113 : 114
node 57 : A4 < A3 ? 115 : 116
node 58 : 0 1 3 2 4
node 59 : A4 < A1 ? 119 : 120
node 60 : 0 1 2 4 3
node 63 : A4 < A0 ? 127 : 128
node 64 : A4 < A0 ? 129 : 130
node 65 : A4 < A3 ? 131 : 132
node 66 : 2 1 3 0 4
node 67 : A4 < A1 ? 135 : 136
node 68 : 2 1 0 4 3
node 71 : A4 < A0 ? 143 : 144
node 72 : A4 < A0 ? 145 : 146
node 73 : A4 < A3 ? 147 : 148
node 74 : 1 2 3 0 4
node 75 : A4 < A2 ? 151 : 152
node 76 : 1 2 0 4 3
node 79 : A4 < A0 ? 159 : 160
node 80 : 3 1 0 2 4
node 81 : A4 < A0 ? 163 : 164
node 82 : 1 3 0 2 4
node 83 : A4 < A0 ? 167 : 168
node 84 : 1 0 3 4 2
node 87 : A4 < A1 ? 175 : 176
node 88 : 1 0 4 2 3
node 95 : A4 < A1 ? 191 : 192
node 96 : A4 < A1 ? 193 : 194
node 97 : A4 < A3 ? 195 : 196
node 98 : 2 0 3 1 4
node 99 : A4 < A0 ? 199 : 200
node 100 : 2 0 1 4 3
node 103 : A4 < A1 ? 207 : 208
node 104 : A4 < A1 ? 209 : 210
node 105 : A4 < A3 ? 211 : 212
node 106 : 0 2 3 1 4
node 107 : A4 < A2 ? 215 : 216
node 108 : 0 2 1 4 3
node 111 : A4 < A1 ? 223 : 224
node 112 : 3 0 1 2 4
node 113 : A4 < A1 ? 227 : 228
node 114 : 0 3 1 2 4
node 115 : A4 < A1 ? 231 : 232
node 116 : 0 1 3 4 2
node 119 : A4 < A0 ? 239 : 240
node 120 : 0 1 4 2 3
node 127 : A4 < A1 ? 255 : 256
node 128 : 3 2 1 0 4
node 129 : A4 < A1 ? 259 : 260
node 130 : 2 3 1 0 4
node 131 : A4 < A1 ? 263 : 264
node 132 : 2 1 3 4 0
node 135 : A4 < A2 ? 271 : 272
node 136 : 2 1 4 0 3
node 143 : A4 < A2 ? 287 : 288
node 144 : 3 1 2 0 4
node 145 : A4 < A2 ? 291 : 292
node 146 : 1 3 2 0 4
node 147 : A4 < A2 ? 295 : 296
node 148 : 1 2 3 4 0
node 151 : A4 < A1 ? 303 : 304
node 152 : 1 2 4 0 3
node 159 : A4 < A1 ? 319 : 320
node 160 : 3 1 0 4 2
node 163 : A4 < A3 ? 327 : 328
node 164 : 1 3 0 4 2
node 167 : A4 < A1 ? 335 : 336
node 168 : 1 0 4 3 2
node 175 : 4 1 0 2 3
node 176 : 1 4 0 2 3
node 191 : A4 < A0 ? 383 : 384
node 192 : 3 2 0 1 4
node 193 : A4 < A0 ? 387 : 388
node 194 : 2 3 0 1 4
node 195 : A4 < A0 ? 391 : 392
node 196 : 2 0 3 4 1
node 199 : A4 < A2 ? 399 : 400
node 200 : 2 0 4 1 3
node 207 : A4 < A2 ? 415 : 416
node 208 : 3 0 2 1 4
node 209 : A4 < A2 ? 419 : 420
node 210 : 0 3 2 1 4
node 211 : A4 < A2 ? 423 : 424
node 212 : 0 2 3 4 1
node 215 : A4 < A0 ? 431 : 432
node 216 : 0 2 4 1 3
node 223 : A4 < A0 ? 447 : 448
node 224 : 3 0 1 4 2
node 227 : A4 < A3 ? 455 : 456
node 228 : 0 3 1 4 2
node 231 : A4 < A0 ? 463 : 464
node 232 : 0 1 4 3 2
node 239 : 4 0 1 2 3
node 240 : 0 4 1 2 3
node 255 : A4 < A2 ? 511 : 512
node 256 : 3 2 1 4 0
node 259 : A4 < A3 ? 519 : 520
node 260 : 2 3 1 4 0
node 263 : A4 < A2 ? 527 : 528
node 264 : 2 1 4 3 0
node 271 : 4 2 1 0 3
node 272 : 2 4 1 0 3
node 287 : A4 < A1 ? 575 : 576
node 288 : 3 1 2 4 0
node 291 : A4 < A3 ? 583 : 584
node 292 : 1 3 2 4 0
node 295 : A4 < A1 ? 591 : 592
node 296 : 1 2 4 3 0
node 303 : 4 1 2 0 3
node 304 : 1 4 2 0 3
node 319 : A4 < A3 ? 639 : 640
node 320 : 3 1 4 0 2
node 327 : A4 < A1 ? 655 : 656
node 328 : 1 3 4 0 2
node 335 : 4 1 0 3 2
node 336 : 1 4 0 3 2
node 383 : A4 < A2 ? 767 : 768
node 384 : 3 2 0 4 1
node 387 : A4 < A3 ? 775 : 776
node 388 : 2 3 0 4 1
node 391 : A4 < A2 ? 783 : 784
node 392 : 2 0 4 3 1
node 399 : 4 2 0 1 3
node 400 : 2 4 0 1 3
node 415 : A4 < A0 ? 831 : 832
node 416 : 3 0 2 4 1
node 419 : A4 < A3 ? 839 : 840
node 420 : 0 3 2 4 1
node 423 : A4 < A0 ? 847 : 848
node 424 : 0 2 4 3 1
node 431 : 4 0 2 1 3
node 432 : 0 4 2 1 3
node 447 : A4 < A3 ? 895 : 896
node 448 : 3 0 4 1 2
node 455 : A4 < A0 ? 911 : 912
node 456 : 0 3 4 1 2
node 463 : 4 0 1 3 2
node 464 : 0 4 1 3 2
node 511 : A4 < A3 ? 1023 : 1024
node 512 : 3 2 4 1 0
node 519 : A4 < A2 ? 1039 : 1040
node 520 : 2 3 4 1 0
node 527 : 4 2 1 3 0
node 528 : 2 4 1 3 0
node 575 : A4 < A3 ? 1151 : 1152
node 576 : 3 1 4 2 0
node 583 : A4 < A1 ? 1167 : 1168
node 584 : 1 3 4 2 0
node 591 : 4 1 2 3 0
node 592 : 1 4 2 3 0
node 639 : 4 3 1 0 2
node 640 : 3 4 1 0 2
node 655 : 4 1 3 0 2
node 656 : 1 4 3 0 2
node 767 : A4 < A3 ? 1535 : 1536
node 768 : 3 2 4 0 1
node 775 : A4 < A2 ? 1551 : 1552
node 776 : 2 3 4 0 1
node 783 : 4 2 0 3 1
node 784 : 2 4 0 3 1
node 831 : A4 < A3 ? 1663 : 1664
node 832 : 3 0 4 2 1
node 839 : A4 < A0 ? 1679 : 1680
node 840 : 0 3 4 2 1
node 847 : 4 0 2 3 1
node 848 : 0 4 2 3 1
node 895 : 4 3 0 1 2
node 896 : 3 4 0 1 2
node 911 : 4 0 3 1 2
node 912 : 0 4 3 1 2
node 1023 : 4 3 2 1 0
node 1024 : 3 4 2 1 0
node 1039 : 4 2 3 1 0
node 1040 : 2 4 3 1 0
node 1151 : 4 3 1 2 0
node 1152 : 3 4 1 2 0
node 1167 : 4 1 3 2 0
node 1168 : 1 4 3 2 0
node 1535 : 4 3 2 0 1
node 1536 : 3 4 2 0 1
node 1551 : 4 2 3 0 1
node 1552 : 2 4 3 0 1
node 1663 : 4 3 0 2 1
node 1664 : 3 4 0 2 1
node 1679 : 4 0 3 2 1
node 1680 : 0 4 3 2 1
